<testsuites name="jest tests" tests="1" failures="1" skipped="0" errors="0" time="0.849">
<testsuite name="libs/foo.spec.ts" timestamp="1679511632462" hostname="LRS:Chromium" tests="1" failures="1" skipped="0" time="144.328" errors="0">
<testcase name="Test suite failure" classname="libs/foo.spec.ts" time="19.34">
<failure message="libs/foo.spec.ts:38:5 Test suite failure" type="FAILURE">
<![CDATA[  [LRS:Chromium] › libs/foo.spec.ts:38:5 › Test suite failure 

    locator.click: Error: strict mode violation: locator('button:text("Email")') resolved to 2 elements:
        1) <button data-testid="first">Email</button> aka getByTestId('first')
        2) <button data-testid="second">Anoher Email</button> aka getByTestId('second')
]]>
</failure>
</testcase>
</testsuite>
</testsuites>